<?xml version="1.0" encoding="UTF-8"?>
<!-- Generated by org.testng.reporters.JUnitReportReporter -->
<testsuite hostname="MAD96322" failures="0" tests="1" name="testCases.TC_001_AccountRegistration" time="6.250" errors="0" timestamp="2022-06-30T14:47:50 PDT" skipped="0">
  <testcase classname="testCases.TC_001_AccountRegistration" name="test_account_registration" time="6.250"/>
  <system-out/>
</testsuite> <!-- testCases.TC_001_AccountRegistration -->
