<?xml version="1.0" encoding="UTF-8"?>
<!-- Generated by org.testng.reporters.JUnitReportReporter -->
<testsuite hostname="MAD96322" failures="0" tests="1" name="testCases.TC_002_Login" time="3.099" errors="0" timestamp="2022-06-30T14:47:50 PDT" skipped="0">
  <testcase classname="testCases.TC_002_Login" name="test_login" time="3.099"/>
  <system-out/>
</testsuite> <!-- testCases.TC_002_Login -->
