<?xml version="1.0" encoding="UTF-8"?>
<!-- Generated by org.testng.reporters.JUnitReportReporter -->
<testsuite skipped="0" hostname="MAD96322" name="testCases.TC_002_Login" tests="1" failures="0" timestamp="2022-06-30T15:35:45 PDT" time="3.733" errors="0">
  <testcase name="test_login" time="3.733" classname="testCases.TC_002_Login"/>
  <system-out/>
</testsuite> <!-- testCases.TC_002_Login -->
