<?xml version="1.0" encoding="UTF-8"?>
<!-- Generated by org.testng.reporters.JUnitReportReporter -->
<testsuite skipped="0" hostname="MAD96322" name="testCases.TC_001_AccountRegistration" tests="1" failures="0" timestamp="2022-06-30T15:35:45 PDT" time="5.215" errors="0">
  <testcase name="test_account_registration" time="5.215" classname="testCases.TC_001_AccountRegistration"/>
  <system-out/>
</testsuite> <!-- testCases.TC_001_AccountRegistration -->
